#
# There is insufficient memory for the Java Runtime Environment to continue.
# Native memory allocation (malloc) failed to allocate 32744 bytes for ChunkPool::allocate
# Possible reasons:
#   The system is out of physical RAM or swap space
#   The process is running with CompressedOops enabled, and the Java Heap may be blocking the growth of the native heap
# Possible solutions:
#   Reduce memory load on the system
#   Increase physical memory or swap space
#   Check if swap backing store is full
#   Decrease Java heap size (-Xmx/-Xms)
#   Decrease number of Java threads
#   Decrease Java thread stack sizes (-Xss)
#   Set larger code cache with -XX:ReservedCodeCacheSize=
#   JVM is running with Unscaled Compressed Oops mode in which the Java heap is
#     placed in the first 4GB address space. The Java Heap base address is the
#     maximum limit for the native heap growth. Please use -XX:HeapBaseMinAddress
#     to set the Java Heap base and to place the Java Heap above 4GB virtual address.
# This output file may be truncated or incomplete.
#
#  Out of Memory Error (t:/workspace/open/src/hotspot/share/memory/arena.cpp:81), pid=5608, tid=1584
#
# JRE version: Java(TM) SE Runtime Environment (11.0.1+13) (build 11.0.1+13-LTS)
# Java VM: Java HotSpot(TM) 64-Bit Server VM (11.0.1+13-LTS, mixed mode, tiered, compressed oops, g1 gc, windows-amd64)
# No core dump will be written. Minidumps are not enabled by default on client versions of Windows
#

---------------  S U M M A R Y ------------

Command Line: -ea -Dfile.encoding=Cp1252 org.testng.remote.RemoteTestNG -serport 52396 -protocol json -d C:\Work\eclipse-workspace\AutomationPractice\test-output C:\Users\Ludmila\AppData\Local\Temp\testng-eclipse-1998558881\testng-customsuite.xml

Host: Intel(R) Core(TM) i5-2557M CPU @ 1.70GHz, 4 cores, 3G,  Windows 7 , 64 bit Build 7601 (6.1.7601.24117)
Time: Sun Feb  3 10:36:34 2019 Eastern Standard Time elapsed time: 11 seconds (0d 0h 0m 11s)

---------------  T H R E A D  ---------------

Current thread (0x000000005fab5800):  JavaThread "C2 CompilerThread0" daemon [_thread_in_native, id=1584, stack(0x0000000060440000,0x0000000060540000)]


Current CompileTask:
C2:  11364 2128   !   4       org.openqa.selenium.json.Input::init (71 bytes)

Stack: [0x0000000060440000,0x0000000060540000]
Native frames: (J=compiled Java code, j=interpreted, Vv=VM code, C=native code)
V  [jvm.dll+0x63c21a]
V  [jvm.dll+0x7797df]
V  [jvm.dll+0x77adca]
V  [jvm.dll+0x77b483]
V  [jvm.dll+0x2627f8]
V  [jvm.dll+0xc5e9b]
V  [jvm.dll+0xc61fc]
V  [jvm.dll+0xaba77]
V  [jvm.dll+0xa2a23]
V  [jvm.dll+0x5cb14b]
V  [jvm.dll+0x5cf988]
V  [jvm.dll+0x5d0045]
V  [jvm.dll+0x5cedae]
V  [jvm.dll+0x21c66d]
V  [jvm.dll+0x21b96a]
V  [jvm.dll+0x198390]
V  [jvm.dll+0x22a97f]
V  [jvm.dll+0x228f98]
V  [jvm.dll+0x73f03d]
V  [jvm.dll+0x63b2b2]
C  [ucrtbase.DLL+0x1d885]
C  [kernel32.dll+0x159cd]
C  [ntdll.dll+0x5383d]


---------------  P R O C E S S  ---------------

Threads class SMR info:
_java_thread_list=0x0000000062c89070, length=18, elements={
0x00000000002bf000, 0x000000005fa99000, 0x000000005faa2000, 0x000000005faaf800,
0x000000005fab2800, 0x000000005fab5800, 0x000000005fab6800, 0x000000005fad0800,
0x000000006091c800, 0x0000000060968000, 0x000000006161d800, 0x0000000061414800,
0x000000006140c800, 0x0000000061409000, 0x00000000616eb000, 0x00000000616dd800,
0x00000000626ad800, 0x0000000060c11800
}

Java Threads: ( => current thread )
  0x00000000002bf000 JavaThread "Forwarding newSession on session null to remote" [_thread_blocked, id=948, stack(0x0000000001fa0000,0x00000000020a0000)]
  0x000000005fa99000 JavaThread "Reference Handler" daemon [_thread_blocked, id=5968, stack(0x000000005fef0000,0x000000005fff0000)]
  0x000000005faa2000 JavaThread "Finalizer" daemon [_thread_blocked, id=3740, stack(0x0000000060000000,0x0000000060100000)]
  0x000000005faaf800 JavaThread "Signal Dispatcher" daemon [_thread_blocked, id=6952, stack(0x000000005fbd0000,0x000000005fcd0000)]
  0x000000005fab2800 JavaThread "Attach Listener" daemon [_thread_blocked, id=6936, stack(0x00000000601d0000,0x00000000602d0000)]
=>0x000000005fab5800 JavaThread "C2 CompilerThread0" daemon [_thread_in_native, id=1584, stack(0x0000000060440000,0x0000000060540000)]
  0x000000005fab6800 JavaThread "C1 CompilerThread0" daemon [_thread_in_native, id=7016, stack(0x0000000060630000,0x0000000060730000)]
  0x000000005fad0800 JavaThread "Sweeper thread" daemon [_thread_blocked, id=6712, stack(0x00000000607a0000,0x00000000608a0000)]
  0x000000006091c800 JavaThread "Service Thread" daemon [_thread_blocked, id=6636, stack(0x0000000060d00000,0x0000000060e00000)]
  0x0000000060968000 JavaThread "Common-Cleaner" daemon [_thread_blocked, id=744, stack(0x0000000060f40000,0x0000000061040000)]
  0x000000006161d800 JavaThread "ReaderThread" [_thread_in_native, id=5528, stack(0x0000000061bd0000,0x0000000061cd0000)]
  0x0000000061414800 JavaThread "Exec Default Executor" daemon [_thread_in_native, id=4712, stack(0x0000000063b50000,0x0000000063c50000)]
  0x000000006140c800 JavaThread "UrlChecker-2" daemon [_thread_blocked, id=2244, stack(0x0000000064380000,0x0000000064480000)]
  0x0000000061409000 JavaThread "Exec Stream Pumper" daemon [_thread_in_native, id=6452, stack(0x00000000635e0000,0x00000000636e0000)]
  0x00000000616eb000 JavaThread "Exec Stream Pumper" daemon [_thread_in_native, id=6208, stack(0x0000000061a40000,0x0000000061b40000)]
  0x00000000616dd800 JavaThread "Keep-Alive-Timer" daemon [_thread_blocked, id=5144, stack(0x0000000064580000,0x0000000064680000)]
  0x00000000626ad800 JavaThread "OkHttp ConnectionPool" daemon [_thread_blocked, id=5080, stack(0x00000000648c0000,0x00000000649c0000)]
  0x0000000060c11800 JavaThread "Okio Watchdog" daemon [_thread_blocked, id=5720, stack(0x0000000064a40000,0x0000000064b40000)]

Other Threads:
  0x000000005fa52800 VMThread "VM Thread" [stack: 0x000000005fd20000,0x000000005fe20000] [id=5420]
  0x0000000060923000 WatcherThread [stack: 0x0000000060310000,0x0000000060410000] [id=3372]
  0x00000000002d8000 GCTaskThread "GC Thread#0" [stack: 0x0000000019ba0000,0x0000000019ca0000] [id=5424]
  0x00000000618f3800 GCTaskThread "GC Thread#1" [stack: 0x0000000062220000,0x0000000062320000] [id=3756]
  0x00000000618fa800 GCTaskThread "GC Thread#2" [stack: 0x00000000624f0000,0x00000000625f0000] [id=6308]
  0x0000000061900000 GCTaskThread "GC Thread#3" [stack: 0x0000000062350000,0x0000000062450000] [id=5516]
  0x00000000002f4000 ConcurrentGCThread "G1 Main Marker" [stack: 0x000000001c5f0000,0x000000001c6f0000] [id=5908]
  0x00000000002f5800 ConcurrentGCThread "G1 Conc#0" [stack: 0x000000001c7d0000,0x000000001c8d0000] [id=1952]
  0x000000001ed28800 ConcurrentGCThread "G1 Refine#0" [stack: 0x000000001ee40000,0x000000001ef40000] [id=4960]
  0x000000001ed29000 ConcurrentGCThread "G1 Young RemSet Sampling" [stack: 0x000000001f0a0000,0x000000001f1a0000] [id=2744]

Threads with active compile tasks:
C2 CompilerThread02128   !   4       org.openqa.selenium.json.Input::init (71 bytes)
C1 CompilerThread02138       3       java.lang.invoke.LambdaFormEditor::bindArgumentForm (269 bytes)

VM state:at safepoint (normal execution)

VM Mutex/Monitor currently owned by a thread:  ([mutex/lock_event])
[0x00000000002bc160] Threads_lock - owner thread: 0x000000005fa52800
[0x00000000002bc8b0] Heap_lock - owner thread: 0x00000000002bf000

Heap address: 0x00000000c1600000, size: 1002 MB, Compressed Oops mode: 32-bit
Narrow klass base: 0x0000000000000000, Narrow klass shift: 0
Compressed class space size: 1073741824 Address: 0x000000001f1a0000

Heap:
 garbage-first heap   total 65536K, used 31800K [0x00000000c1600000, 0x0000000100000000)
  region size 1024K, 26 young (26624K), 3 survivors (3072K)
 Metaspace       used 27379K, capacity 27970K, committed 28032K, reserved 1079296K
  class space    used 3136K, capacity 3394K, committed 3456K, reserved 1048576K
Heap Regions: E=young(eden), S=young(survivor), O=old, HS=humongous(starts), HC=humongous(continues), CS=collection set, F=free, A=archive, TAMS=top-at-mark-start (previous, next)
|   0|0x00000000c1600000, 0x00000000c1700000, 0x00000000c1700000|100%|HS|  |TAMS 0x00000000c1700000, 0x00000000c1700000| Complete 
|   1|0x00000000c1700000, 0x00000000c1800000, 0x00000000c1800000|100%| O|  |TAMS 0x00000000c1800000, 0x00000000c1800000| Untracked 
|   2|0x00000000c1800000, 0x00000000c1900000, 0x00000000c1900000|100%| O|  |TAMS 0x00000000c1900000, 0x00000000c1900000| Untracked 
|   3|0x00000000c1900000, 0x00000000c1a00000, 0x00000000c1a00000|100%| O|  |TAMS 0x00000000c1a00000, 0x00000000c1a00000| Untracked 
|   4|0x00000000c1a00000, 0x00000000c1b00000, 0x00000000c1b00000|100%| O|  |TAMS 0x00000000c1b00000, 0x00000000c1b00000| Untracked 
|   5|0x00000000c1b00000, 0x00000000c1c00000, 0x00000000c1c00000|100%| O|  |TAMS 0x00000000c1bae600, 0x00000000c1c00000| Untracked 
|   6|0x00000000c1c00000, 0x00000000c1c93488, 0x00000000c1d00000| 57%| O|  |TAMS 0x00000000c1c00000, 0x00000000c1d00000| Untracked 
|   7|0x00000000c1d00000, 0x00000000c1d00000, 0x00000000c1e00000|  0%| F|  |TAMS 0x00000000c1d00000, 0x00000000c1d00000| Untracked 
|   8|0x00000000c1e00000, 0x00000000c1e00000, 0x00000000c1f00000|  0%| F|  |TAMS 0x00000000c1e00000, 0x00000000c1e00000| Untracked 
|   9|0x00000000c1f00000, 0x00000000c1f00000, 0x00000000c2000000|  0%| F|  |TAMS 0x00000000c1f00000, 0x00000000c1f00000| Untracked 
|  10|0x00000000c2000000, 0x00000000c2000000, 0x00000000c2100000|  0%| F|  |TAMS 0x00000000c2000000, 0x00000000c2000000| Untracked 
|  11|0x00000000c2100000, 0x00000000c2100000, 0x00000000c2200000|  0%| F|  |TAMS 0x00000000c2100000, 0x00000000c2100000| Untracked 
|  12|0x00000000c2200000, 0x00000000c2200000, 0x00000000c2300000|  0%| F|  |TAMS 0x00000000c2200000, 0x00000000c2200000| Untracked 
|  13|0x00000000c2300000, 0x00000000c2300000, 0x00000000c2400000|  0%| F|  |TAMS 0x00000000c2300000, 0x00000000c2300000| Untracked 
|  14|0x00000000c2400000, 0x00000000c2400000, 0x00000000c2500000|  0%| F|  |TAMS 0x00000000c2400000, 0x00000000c2400000| Untracked 
|  15|0x00000000c2500000, 0x00000000c2500000, 0x00000000c2600000|  0%| F|  |TAMS 0x00000000c2500000, 0x00000000c2500000| Untracked 
|  16|0x00000000c2600000, 0x00000000c2600000, 0x00000000c2700000|  0%| F|  |TAMS 0x00000000c2600000, 0x00000000c2600000| Untracked 
|  17|0x00000000c2700000, 0x00000000c2700000, 0x00000000c2800000|  0%| F|  |TAMS 0x00000000c2700000, 0x00000000c2700000| Untracked 
|  18|0x00000000c2800000, 0x00000000c2800000, 0x00000000c2900000|  0%| F|  |TAMS 0x00000000c2800000, 0x00000000c2800000| Untracked 
|  19|0x00000000c2900000, 0x00000000c2900000, 0x00000000c2a00000|  0%| F|  |TAMS 0x00000000c2900000, 0x00000000c2900000| Untracked 
|  20|0x00000000c2a00000, 0x00000000c2a00000, 0x00000000c2b00000|  0%| F|  |TAMS 0x00000000c2a00000, 0x00000000c2a00000| Untracked 
|  21|0x00000000c2b00000, 0x00000000c2b00000, 0x00000000c2c00000|  0%| F|  |TAMS 0x00000000c2b00000, 0x00000000c2b00000| Untracked 
|  22|0x00000000c2c00000, 0x00000000c2c00000, 0x00000000c2d00000|  0%| F|  |TAMS 0x00000000c2c00000, 0x00000000c2c00000| Untracked 
|  23|0x00000000c2d00000, 0x00000000c2d00000, 0x00000000c2e00000|  0%| F|  |TAMS 0x00000000c2d00000, 0x00000000c2d00000| Untracked 
|  24|0x00000000c2e00000, 0x00000000c2e00000, 0x00000000c2f00000|  0%| F|  |TAMS 0x00000000c2e00000, 0x00000000c2e00000| Untracked 
|  25|0x00000000c2f00000, 0x00000000c2f00000, 0x00000000c3000000|  0%| F|  |TAMS 0x00000000c2f00000, 0x00000000c2f00000| Untracked 
|  26|0x00000000c3000000, 0x00000000c3000000, 0x00000000c3100000|  0%| F|  |TAMS 0x00000000c3000000, 0x00000000c3000000| Untracked 
|  27|0x00000000c3100000, 0x00000000c3100000, 0x00000000c3200000|  0%| F|  |TAMS 0x00000000c3100000, 0x00000000c3100000| Untracked 
|  28|0x00000000c3200000, 0x00000000c3200000, 0x00000000c3300000|  0%| F|  |TAMS 0x00000000c3200000, 0x00000000c3200000| Untracked 
|  29|0x00000000c3300000, 0x00000000c3300000, 0x00000000c3400000|  0%| F|  |TAMS 0x00000000c3300000, 0x00000000c3300000| Untracked 
|  30|0x00000000c3400000, 0x00000000c3400000, 0x00000000c3500000|  0%| F|  |TAMS 0x00000000c3400000, 0x00000000c3400000| Untracked 
|  31|0x00000000c3500000, 0x00000000c3500000, 0x00000000c3600000|  0%| F|  |TAMS 0x00000000c3500000, 0x00000000c3500000| Untracked 
|  32|0x00000000c3600000, 0x00000000c3600000, 0x00000000c3700000|  0%| F|  |TAMS 0x00000000c3600000, 0x00000000c3600000| Untracked 
|  33|0x00000000c3700000, 0x00000000c3700000, 0x00000000c3800000|  0%| F|  |TAMS 0x00000000c3700000, 0x00000000c3700000| Untracked 
|  34|0x00000000c3800000, 0x00000000c3800000, 0x00000000c3900000|  0%| F|  |TAMS 0x00000000c3800000, 0x00000000c3800000| Untracked 
|  35|0x00000000c3900000, 0x00000000c394f278, 0x00000000c3a00000| 30%| S|  |TAMS 0x00000000c3900000, 0x00000000c3900000| Complete 
|  36|0x00000000c3a00000, 0x00000000c3b00000, 0x00000000c3b00000|100%| S|  |TAMS 0x00000000c3a00000, 0x00000000c3a00000| Complete 
|  37|0x00000000c3b00000, 0x00000000c3c00000, 0x00000000c3c00000|100%| S|  |TAMS 0x00000000c3b00000, 0x00000000c3b00000| Complete 
|  38|0x00000000c3c00000, 0x00000000c3ce7f78, 0x00000000c3d00000| 90%| E|CS|TAMS 0x00000000c3c00000, 0x00000000c3ce7f78| Complete 
|  39|0x00000000c3d00000, 0x00000000c3e00000, 0x00000000c3e00000|100%| E|CS|TAMS 0x00000000c3d00000, 0x00000000c3e00000| Complete 
|  40|0x00000000c3e00000, 0x00000000c3f00000, 0x00000000c3f00000|100%| E|CS|TAMS 0x00000000c3e00000, 0x00000000c3f00000| Complete 
|  41|0x00000000c3f00000, 0x00000000c4000000, 0x00000000c4000000|100%| E|CS|TAMS 0x00000000c3f00000, 0x00000000c4000000| Complete 
|  42|0x00000000c4000000, 0x00000000c4100000, 0x00000000c4100000|100%| E|CS|TAMS 0x00000000c4000000, 0x00000000c4100000| Complete 
|  43|0x00000000c4100000, 0x00000000c4200000, 0x00000000c4200000|100%| E|CS|TAMS 0x00000000c4100000, 0x00000000c4200000| Complete 
|  44|0x00000000c4200000, 0x00000000c4300000, 0x00000000c4300000|100%| E|CS|TAMS 0x00000000c4200000, 0x00000000c4300000| Complete 
|  45|0x00000000c4300000, 0x00000000c4400000, 0x00000000c4400000|100%| E|CS|TAMS 0x00000000c4300000, 0x00000000c4400000| Complete 
|  46|0x00000000c4400000, 0x00000000c4500000, 0x00000000c4500000|100%| E|CS|TAMS 0x00000000c4400000, 0x00000000c4500000| Complete 
|  47|0x00000000c4500000, 0x00000000c4600000, 0x00000000c4600000|100%| E|CS|TAMS 0x00000000c4500000, 0x00000000c4600000| Complete 
|  48|0x00000000c4600000, 0x00000000c4700000, 0x00000000c4700000|100%| E|CS|TAMS 0x00000000c4600000, 0x00000000c4700000| Complete 
|  49|0x00000000c4700000, 0x00000000c4800000, 0x00000000c4800000|100%| E|CS|TAMS 0x00000000c4700000, 0x00000000c4800000| Complete 
|  50|0x00000000c4800000, 0x00000000c4900000, 0x00000000c4900000|100%| E|CS|TAMS 0x00000000c4800000, 0x00000000c4900000| Complete 
|  51|0x00000000c4900000, 0x00000000c4a00000, 0x00000000c4a00000|100%| E|CS|TAMS 0x00000000c4900000, 0x00000000c4a00000| Complete 
|  52|0x00000000c4a00000, 0x00000000c4b00000, 0x00000000c4b00000|100%| E|CS|TAMS 0x00000000c4a00000, 0x00000000c4b00000| Complete 
|  53|0x00000000c4b00000, 0x00000000c4c00000, 0x00000000c4c00000|100%| E|CS|TAMS 0x00000000c4b00000, 0x00000000c4c00000| Complete 
|  54|0x00000000c4c00000, 0x00000000c4c77e70, 0x00000000c4d00000| 46%| E|CS|TAMS 0x00000000c4c00000, 0x00000000c4c77e70| Complete 
|  55|0x00000000c4d00000, 0x00000000c4e00000, 0x00000000c4e00000|100%| E|CS|TAMS 0x00000000c4d00000, 0x00000000c4e00000| Complete 
|  56|0x00000000c4e00000, 0x00000000c4f00000, 0x00000000c4f00000|100%| E|CS|TAMS 0x00000000c4e00000, 0x00000000c4f00000| Complete 
|  57|0x00000000c4f00000, 0x00000000c5000000, 0x00000000c5000000|100%| E|CS|TAMS 0x00000000c4f00000, 0x00000000c5000000| Complete 
|  58|0x00000000c5000000, 0x00000000c5100000, 0x00000000c5100000|100%| E|CS|TAMS 0x00000000c5000000, 0x00000000c5100000| Complete 
|  59|0x00000000c5100000, 0x00000000c5200000, 0x00000000c5200000|100%| E|CS|TAMS 0x00000000c5100000, 0x00000000c5200000| Complete 
|  60|0x00000000c5200000, 0x00000000c5300000, 0x00000000c5300000|100%| E|CS|TAMS 0x00000000c5200000, 0x00000000c5300000| Complete 
|  61|0x00000000c5300000, 0x00000000c5400000, 0x00000000c5400000|100%| E|CS|TAMS 0x00000000c5300000, 0x00000000c5400000| Complete 
|  62|0x00000000c5400000, 0x00000000c5500000, 0x00000000c5500000|100%| E|CS|TAMS 0x00000000c5400000, 0x00000000c5500000| Complete 
|  63|0x00000000c5500000, 0x00000000c5600000, 0x00000000c5600000|100%| E|CS|TAMS 0x00000000c5500000, 0x00000000c5600000| Complete 

Card table byte_map: [0x000000001a1d0000,0x000000001a3d0000] _byte_map_base: 0x0000000019bc5000

Marking Bits (Prev, Next): (CMBitMap*) 0x00000000002ecb90, (CMBitMap*) 0x00000000002ecb58
 Prev Bits: [0x000000001b580000, 0x000000001c528000)
 Next Bits: [0x000000001a5d0000, 0x000000001b578000)

Polling page: 0x0000000000220000

Metaspace:

Usage:
  Non-class:     24.00 MB capacity,    23.68 MB ( 99%) used,   262.10 KB (  1%) free+waste,    70.69 KB ( <1%) overhead. 
      Class:      3.31 MB capacity,     3.06 MB ( 92%) used,   222.86 KB (  7%) free+waste,    34.38 KB (  1%) overhead. 
       Both:     27.31 MB capacity,    26.74 MB ( 98%) used,   484.96 KB (  2%) free+waste,   105.06 KB ( <1%) overhead. 

Virtual space:
  Non-class space:       30.00 MB reserved,      24.00 MB ( 80%) committed 
      Class space:        1.00 GB reserved,       3.38 MB ( <1%) committed 
             Both:        1.03 GB reserved,      27.38 MB (  3%) committed 

Chunk freelists:
   Non-Class:  0 bytes
       Class:  3.75 KB
        Both:  3.75 KB

CodeHeap 'non-profiled nmethods': size=120064Kb used=846Kb max_used=846Kb free=119217Kb
 bounds [0x00000000124f0000, 0x0000000012760000, 0x0000000019a30000]
CodeHeap 'profiled nmethods': size=120000Kb used=4359Kb max_used=4359Kb free=115640Kb
 bounds [0x000000000afc0000, 0x000000000b410000, 0x00000000124f0000]
CodeHeap 'non-nmethods': size=5696Kb used=1186Kb max_used=1199Kb free=4509Kb
 bounds [0x000000000aa30000, 0x000000000aca0000, 0x000000000afc0000]
 total_blobs=3119 nmethods=2136 adapters=451
 compilation: enabled
              stopped_count=0, restarted_count=0
 full_count=0

Compilation events (10 events):
Event: 11.336 Thread 0x000000005fab6800 nmethod 2133 0x000000000b400290 code [0x000000000b4004c0, 0x000000000b400bc0]
Event: 11.337 Thread 0x000000005fab6800 2134       3       java.lang.reflect.Constructor::checkCanSetAccessible (29 bytes)
Event: 11.337 Thread 0x000000005fab6800 nmethod 2134 0x000000000b400e10 code [0x000000000b401000, 0x000000000b401320]
Event: 11.352 Thread 0x000000005fab6800 2135       3       java.util.ImmutableCollections$List12::size (13 bytes)
Event: 11.352 Thread 0x000000005fab6800 nmethod 2135 0x000000000b401490 code [0x000000000b401640, 0x000000000b401818]
Event: 11.353 Thread 0x000000005fab6800 2136       1       java.lang.invoke.StringConcatFactory$RecipeElement::getTag (5 bytes)
Event: 11.353 Thread 0x000000005fab6800 nmethod 2136 0x00000000125c3790 code [0x00000000125c3940, 0x00000000125c3a58]
Event: 11.356 Thread 0x000000005fab6800 2137       3       java.lang.invoke.LambdaFormEditor::bindArgumentType (101 bytes)
Event: 11.357 Thread 0x000000005fab6800 nmethod 2137 0x000000000b401890 code [0x000000000b401a60, 0x000000000b401cd0]
Event: 11.357 Thread 0x000000005fab6800 2138       3       java.lang.invoke.LambdaFormEditor::bindArgumentForm (269 bytes)

GC Heap History (8 events):
Event: 3.990 GC heap before
{Heap before GC invocations=0 (full 0):
 garbage-first heap   total 65536K, used 15360K [0x00000000c1600000, 0x0000000100000000)
  region size 1024K, 14 young (14336K), 0 survivors (0K)
 Metaspace       used 11623K, capacity 11790K, committed 12032K, reserved 1060864K
  class space    used 1129K, capacity 1205K, committed 1280K, reserved 1048576K
}
Event: 4.004 GC heap after
{Heap after GC invocations=1 (full 0):
 garbage-first heap   total 65536K, used 5698K [0x00000000c1600000, 0x0000000100000000)
  region size 1024K, 2 young (2048K), 2 survivors (2048K)
 Metaspace       used 11623K, capacity 11790K, committed 12032K, reserved 1060864K
  class space    used 1129K, capacity 1205K, committed 1280K, reserved 1048576K
}
Event: 4.599 GC heap before
{Heap before GC invocations=1 (full 0):
 garbage-first heap   total 65536K, used 12866K [0x00000000c1600000, 0x0000000100000000)
  region size 1024K, 9 young (9216K), 2 survivors (2048K)
 Metaspace       used 12865K, capacity 13081K, committed 13184K, reserved 1060864K
  class space    used 1271K, capacity 1336K, committed 1408K, reserved 1048576K
}
Event: 4.611 GC heap after
{Heap after GC invocations=2 (full 0):
 garbage-first heap   total 65536K, used 6143K [0x00000000c1600000, 0x0000000100000000)
  region size 1024K, 1 young (1024K), 1 survivors (1024K)
 Metaspace       used 12865K, capacity 13081K, committed 13184K, reserved 1060864K
  class space    used 1271K, capacity 1336K, committed 1408K, reserved 1048576K
}
Event: 6.139 GC heap before
{Heap before GC invocations=2 (full 0):
 garbage-first heap   total 65536K, used 28671K [0x00000000c1600000, 0x0000000100000000)
  region size 1024K, 23 young (23552K), 1 survivors (1024K)
 Metaspace       used 17785K, capacity 18139K, committed 18304K, reserved 1064960K
  class space    used 1913K, capacity 2068K, committed 2176K, reserved 1048576K
}
Event: 6.149 GC heap after
{Heap after GC invocations=3 (full 0):
 garbage-first heap   total 65536K, used 7611K [0x00000000c1600000, 0x0000000100000000)
  region size 1024K, 2 young (2048K), 2 survivors (2048K)
 Metaspace       used 17785K, capacity 18139K, committed 18304K, reserved 1064960K
  class space    used 1913K, capacity 2068K, committed 2176K, reserved 1048576K
}
Event: 6.696 GC heap before
{Heap before GC invocations=3 (full 0):
 garbage-first heap   total 65536K, used 13755K [0x00000000c1600000, 0x0000000100000000)
  region size 1024K, 9 young (9216K), 2 survivors (2048K)
 Metaspace       used 20701K, capacity 21074K, committed 21248K, reserved 1069056K
  class space    used 2281K, capacity 2448K, committed 2560K, reserved 1048576K
}
Event: 6.711 GC heap after
{Heap after GC invocations=4 (full 0):
 garbage-first heap   total 65536K, used 8345K [0x00000000c1600000, 0x0000000100000000)
  region size 1024K, 3 young (3072K), 3 survivors (3072K)
 Metaspace       used 20701K, capacity 21074K, committed 21248K, reserved 1069056K
  class space    used 2281K, capacity 2448K, committed 2560K, reserved 1048576K
}

Deoptimization events (10 events):
Event: 7.337 Thread 0x00000000002bf000 Uncommon trap: reason=unstable_if action=reinterpret pc=0x0000000012570890 method=java.lang.StringUTF16.compress([CII)[B @ 13 c2
Event: 7.420 Thread 0x00000000002bf000 Uncommon trap: reason=unstable_if action=reinterpret pc=0x000000001254de18 method=java.lang.String.replace(CC)Ljava/lang/String; @ 2 c2
Event: 7.423 Thread 0x00000000002bf000 Uncommon trap: reason=bimorphic_or_optimized_type_check action=maybe_recompile pc=0x0000000012593ee8 method=java.net.URL.<init>(Ljava/net/URL;Ljava/lang/String;Ljava/net/URLStreamHandler;)V @ 504 c2
Event: 7.447 Thread 0x000000006140c800 Uncommon trap: reason=bimorphic_or_optimized_type_check action=maybe_recompile pc=0x00000000125a8b9c method=java.util.regex.Pattern$Start.match(Ljava/util/regex/Matcher;ILjava/lang/CharSequence;)Z @ 44 c2
Event: 7.457 Thread 0x000000006140c800 Uncommon trap: reason=unstable_if action=reinterpret pc=0x0000000012597e4c method=java.lang.CharacterDataLatin1.digit(II)I @ 12 c2
Event: 7.970 Thread 0x000000006140c800 Uncommon trap: reason=unstable_if action=reinterpret pc=0x0000000012595eb4 method=java.lang.CharacterDataLatin1.digit(II)I @ 12 c2
Event: 8.642 Thread 0x00000000002bf000 Uncommon trap: reason=class_check action=maybe_recompile pc=0x00000000125a8b50 method=java.util.regex.Matcher.search(I)Z @ 121 c2
Event: 8.643 Thread 0x00000000002bf000 Uncommon trap: reason=class_check action=maybe_recompile pc=0x00000000125a8b50 method=java.util.regex.Matcher.search(I)Z @ 121 c2
Event: 8.643 Thread 0x00000000002bf000 Uncommon trap: reason=class_check action=maybe_recompile pc=0x00000000125a8b50 method=java.util.regex.Matcher.search(I)Z @ 121 c2
Event: 8.643 Thread 0x00000000002bf000 Uncommon trap: reason=class_check action=maybe_recompile pc=0x00000000125a8b50 method=java.util.regex.Matcher.search(I)Z @ 121 c2

Classes redefined (0 events):
No events

Internal exceptions (10 events):
Event: 8.086 Thread 0x00000000002bf000 Exception <a 'java/lang/IncompatibleClassChangeError'{0x00000000c4618988}: Found class java.lang.Object, but interface was expected> (0x00000000c4618988) thrown at [t:/workspace/open/src/hotspot/share/interpreter/linkResolver.cpp, line 856]
Event: 8.121 Thread 0x00000000002bf000 Exception <a 'java/lang/NoSuchMethodError'{0x00000000c4620f38}: java.lang.invoke.DirectMethodHandle$Holder.invokeSpecialIFC(Ljava/lang/Object;Ljava/lang/Object;Ljava/lang/Object;Ljava/lang/Object;)I> (0x00000000c4620f38) thrown at [t:/workspace/open/src/h
Event: 8.126 Thread 0x00000000002bf000 Exception <a 'java/lang/NoSuchMethodError'{0x00000000c46291a0}: java.lang.invoke.DirectMethodHandle$Holder.invokeInterface(Ljava/lang/Object;Ljava/lang/Object;Ljava/lang/Object;Ljava/lang/Object;)Ljava/lang/Object;> (0x00000000c46291a0) thrown at [t:/work
Event: 8.149 Thread 0x00000000002bf000 Exception <a 'java/lang/NoSuchMethodError'{0x00000000c464e920}: java.lang.invoke.DirectMethodHandle$Holder.invokeVirtual(Ljava/lang/Object;Ljava/lang/Object;Ljava/lang/Object;)Ljava/lang/Object;> (0x00000000c464e920) thrown at [t:/workspace/open/src/hotsp
Event: 8.260 Thread 0x00000000002bf000 Exception <a 'java/lang/NoSuchMethodError'{0x00000000c452fa80}: java.lang.invoke.DirectMethodHandle$Holder.invokeVirtual(Ljava/lang/Object;Ljava/lang/Object;)I> (0x00000000c452fa80) thrown at [t:/workspace/open/src/hotspot/share/interpreter/linkResolver.c
Event: 8.263 Thread 0x00000000002bf000 Exception <a 'java/lang/NoSuchMethodError'{0x00000000c45356b0}: java.lang.invoke.DirectMethodHandle$Holder.invokeVirtual(Ljava/lang/Object;Ljava/lang/Object;)D> (0x00000000c45356b0) thrown at [t:/workspace/open/src/hotspot/share/interpreter/linkResolver.c
Event: 8.266 Thread 0x00000000002bf000 Exception <a 'java/lang/NoSuchMethodError'{0x00000000c453b440}: java.lang.invoke.DirectMethodHandle$Holder.invokeVirtual(Ljava/lang/Object;Ljava/lang/Object;)F> (0x00000000c453b440) thrown at [t:/workspace/open/src/hotspot/share/interpreter/linkResolver.c
Event: 8.270 Thread 0x00000000002bf000 Exception <a 'java/lang/NoSuchMethodError'{0x00000000c4543910}: java.lang.invoke.DirectMethodHandle$Holder.invokeVirtual(Ljava/lang/Object;Ljava/lang/Object;)J> (0x00000000c4543910) thrown at [t:/workspace/open/src/hotspot/share/interpreter/linkResolver.c
Event: 8.424 Thread 0x00000000002bf000 Exception <a 'java/lang/NoSuchMethodError'{0x00000000c4485958}: java.lang.invoke.DirectMethodHandle$Holder.invokeSpecial(Ljava/lang/Object;Ljava/lang/Object;Ljava/lang/Object;Ljava/lang/Object;Ljava/lang/Object;)V> (0x00000000c4485958) thrown at [t:/works
Event: 8.990 Thread 0x00000000002bf000 Exception <a 'java/lang/NoSuchMethodError'{0x00000000c3e7b510}: java.lang.invoke.DirectMethodHandle$Holder.invokeStatic(Ljava/lang/Object;Ljava/lang/Object;Ljava/lang/Object;Ljava/lang/Object;)V> (0x00000000c3e7b510) thrown at [t:/workspace/open/src/hotsp

Events (10 events):
Event: 11.357 loading class java/util/logging/LogManager$CloseOnReset
Event: 11.358 loading class java/util/logging/LogManager$CloseOnReset done
Event: 11.358 loading class java/time/ZoneRegion
Event: 11.358 loading class java/time/ZoneRegion done
Event: 11.358 loading class java/time/zone/ZoneRulesProvider
Event: 11.359 loading class java/time/zone/ZoneRulesProvider done
Event: 11.359 loading class java/time/zone/ZoneRulesProvider$1
Event: 11.359 loading class java/time/zone/ZoneRulesProvider$1 done
Event: 11.359 loading class java/time/zone/TzdbZoneRulesProvider
Event: 11.359 loading class java/time/zone/TzdbZoneRulesProvider done


Dynamic libraries:
0x000000013fe60000 - 0x000000013fea7000 	C:\Program Files\Java\jdk-11.0.1\bin\javaw.exe
0x00000000778a0000 - 0x0000000077a3f000 	C:\Windows\SYSTEM32\ntdll.dll
0x0000000077780000 - 0x000000007789f000 	C:\Windows\system32\kernel32.dll
0x000007fefd5a0000 - 0x000007fefd60a000 	C:\Windows\system32\KERNELBASE.dll
0x000007feff350000 - 0x000007feff42b000 	C:\Windows\system32\ADVAPI32.dll
0x000007feff2b0000 - 0x000007feff34f000 	C:\Windows\system32\msvcrt.dll
0x000007feffb70000 - 0x000007feffb8f000 	C:\Windows\SYSTEM32\sechost.dll
0x000007feff0c0000 - 0x000007feff1ed000 	C:\Windows\system32\RPCRT4.dll
0x0000000077680000 - 0x000000007777a000 	C:\Windows\system32\USER32.dll
0x000007feff970000 - 0x000007feff9d7000 	C:\Windows\system32\GDI32.dll
0x000007feff2a0000 - 0x000007feff2ae000 	C:\Windows\system32\LPK.dll
0x000007feff8a0000 - 0x000007feff96b000 	C:\Windows\system32\USP10.dll
0x000007fefbe40000 - 0x000007fefc034000 	C:\Windows\WinSxS\amd64_microsoft.windows.common-controls_6595b64144ccf1df_6.0.7601.18837_none_fa3b1e3d17594757\COMCTL32.dll
0x000007feff040000 - 0x000007feff0b1000 	C:\Windows\system32\SHLWAPI.dll
0x000007fefcef0000 - 0x000007fefcefc000 	C:\Windows\system32\VERSION.dll
0x000007feff270000 - 0x000007feff29e000 	C:\Windows\system32\IMM32.DLL
0x000007fefd930000 - 0x000007fefda39000 	C:\Windows\system32\MSCTF.dll
0x000007fef3930000 - 0x000007fef3933000 	C:\Windows\system32\api-ms-win-core-synch-l1-2-0.DLL
0x000007fef0b70000 - 0x000007fef0b86000 	C:\Program Files\Java\jdk-11.0.1\bin\vcruntime140.dll
0x000007fefb010000 - 0x000007fefb014000 	C:\Program Files\Java\jdk-11.0.1\bin\api-ms-win-crt-runtime-l1-1-0.dll
0x000007fee22e0000 - 0x000007fee23d6000 	C:\Program Files\Java\jdk-11.0.1\bin\ucrtbase.DLL
0x000007fefac50000 - 0x000007fefac53000 	C:\Program Files\Java\jdk-11.0.1\bin\api-ms-win-core-localization-l1-2-0.dll
0x000007fef8df0000 - 0x000007fef8df3000 	C:\Program Files\Java\jdk-11.0.1\bin\api-ms-win-core-processthreads-l1-1-1.dll
0x000007fef0c00000 - 0x000007fef0c03000 	C:\Program Files\Java\jdk-11.0.1\bin\api-ms-win-core-file-l1-2-0.dll
0x000007fef0b60000 - 0x000007fef0b63000 	C:\Program Files\Java\jdk-11.0.1\bin\api-ms-win-core-timezone-l1-1-0.dll
0x000007fef0b50000 - 0x000007fef0b53000 	C:\Program Files\Java\jdk-11.0.1\bin\api-ms-win-core-file-l2-1-0.dll
0x000007fef0b40000 - 0x000007fef0b44000 	C:\Program Files\Java\jdk-11.0.1\bin\api-ms-win-crt-string-l1-1-0.dll
0x000007fef0a80000 - 0x000007fef0a83000 	C:\Program Files\Java\jdk-11.0.1\bin\api-ms-win-crt-heap-l1-1-0.dll
0x000007fef09b0000 - 0x000007fef09b4000 	C:\Program Files\Java\jdk-11.0.1\bin\api-ms-win-crt-stdio-l1-1-0.dll
0x000007fef0510000 - 0x000007fef0514000 	C:\Program Files\Java\jdk-11.0.1\bin\api-ms-win-crt-convert-l1-1-0.dll
0x000007fee20d0000 - 0x000007fee217a000 	C:\Program Files\Java\jdk-11.0.1\bin\msvcp140.dll
0x000007feee4f0000 - 0x000007feee4f3000 	C:\Program Files\Java\jdk-11.0.1\bin\api-ms-win-crt-locale-l1-1-0.dll
0x000007feee240000 - 0x000007feee245000 	C:\Program Files\Java\jdk-11.0.1\bin\api-ms-win-crt-math-l1-1-0.dll
0x000007feee230000 - 0x000007feee235000 	C:\Program Files\Java\jdk-11.0.1\bin\api-ms-win-crt-multibyte-l1-1-0.dll
0x000007feee1c0000 - 0x000007feee1c3000 	C:\Program Files\Java\jdk-11.0.1\bin\api-ms-win-crt-time-l1-1-0.dll
0x000007feedfb0000 - 0x000007feedfb3000 	C:\Program Files\Java\jdk-11.0.1\bin\api-ms-win-crt-filesystem-l1-1-0.dll
0x000007feecd10000 - 0x000007feecd13000 	C:\Program Files\Java\jdk-11.0.1\bin\api-ms-win-crt-environment-l1-1-0.dll
0x000007feecd00000 - 0x000007feecd03000 	C:\Program Files\Java\jdk-11.0.1\bin\api-ms-win-crt-utility-l1-1-0.dll
0x000007fee5820000 - 0x000007fee6362000 	C:\Program Files\Java\jdk-11.0.1\bin\server\jvm.dll
0x000007feee030000 - 0x000007feee039000 	C:\Windows\system32\WSOCK32.dll
0x000007fefda40000 - 0x000007fefda8d000 	C:\Windows\system32\WS2_32.dll
0x000007fefe840000 - 0x000007fefe848000 	C:\Windows\system32\NSI.dll
0x000007fef9530000 - 0x000007fef956b000 	C:\Windows\system32\WINMM.dll
0x0000000077a50000 - 0x0000000077a57000 	C:\Windows\system32\PSAPI.DLL
0x000007fef3be0000 - 0x000007fef3bf1000 	C:\Program Files\Java\jdk-11.0.1\bin\verify.dll
0x000007fef9960000 - 0x000007fef9a85000 	C:\Windows\system32\DBGHELP.DLL
0x000007fef3bb0000 - 0x000007fef3bd9000 	C:\Program Files\Java\jdk-11.0.1\bin\java.dll
0x000007fef27b0000 - 0x000007fef27c6000 	C:\Program Files\Java\jdk-11.0.1\bin\zip.dll
0x000007fef27a0000 - 0x000007fef27aa000 	C:\Program Files\Java\jdk-11.0.1\bin\jimage.dll
0x000007fefda90000 - 0x000007fefe81b000 	C:\Windows\system32\SHELL32.dll
0x000007fefeb80000 - 0x000007fefed7d000 	C:\Windows\system32\ole32.dll
0x000007fefd570000 - 0x000007fefd57f000 	C:\Windows\system32\profapi.dll
0x000007fef2780000 - 0x000007fef2799000 	C:\Program Files\Java\jdk-11.0.1\bin\net.dll
0x000007fef9ca0000 - 0x000007fef9d11000 	C:\Windows\system32\WINHTTP.dll
0x000007fef9c30000 - 0x000007fef9c95000 	C:\Windows\system32\webio.dll
0x000007fefca00000 - 0x000007fefca55000 	C:\Windows\system32\mswsock.dll
0x000007fefc9f0000 - 0x000007fefc9f7000 	C:\Windows\System32\wship6.dll
0x000007fef2760000 - 0x000007fef2773000 	C:\Program Files\Java\jdk-11.0.1\bin\nio.dll
0x000007fefcf00000 - 0x000007fefcf07000 	C:\Windows\System32\wshtcpip.dll
0x000007fefc880000 - 0x000007fefc8db000 	C:\Windows\system32\DNSAPI.dll
0x000007fefa100000 - 0x000007fefa12f000 	C:\Program Files\Common Files\Microsoft Shared\Windows Live\WLIDNSP.DLL
0x000007fefaef0000 - 0x000007fefaf17000 	C:\Windows\system32\IPHLPAPI.DLL
0x000007fefaec0000 - 0x000007fefaecb000 	C:\Windows\system32\WINNSI.DLL
0x000007fefa080000 - 0x000007fefa088000 	C:\Windows\system32\rasadhlp.dll
0x000007fefacb0000 - 0x000007fefad03000 	C:\Windows\System32\fwpuclnt.dll
0x000007fefca60000 - 0x000007fefca78000 	C:\Windows\system32\CRYPTSP.dll
0x000007fefc760000 - 0x000007fefc7a7000 	C:\Windows\system32\rsaenh.dll
0x000007fefd630000 - 0x000007fefd64e000 	C:\Windows\system32\USERENV.dll
0x000007fefd410000 - 0x000007fefd41f000 	C:\Windows\system32\CRYPTBASE.dll
0x000007fefab10000 - 0x000007fefab28000 	C:\Windows\system32\dhcpcsvc.DLL
0x000007fefa9f0000 - 0x000007fefaa01000 	C:\Windows\system32\dhcpcsvc6.DLL
0x000007feeca60000 - 0x000007feeca69000 	C:\Program Files\Java\jdk-11.0.1\bin\management.dll
0x000007feeca50000 - 0x000007feeca5c000 	C:\Program Files\Java\jdk-11.0.1\bin\management_ext.dll
0x000007fefb480000 - 0x000007fefb495000 	C:\Windows\system32\NLAapi.dll
0x000007fef95f0000 - 0x000007fef9605000 	C:\Windows\system32\napinsp.dll
0x000007fef95d0000 - 0x000007fef95e9000 	C:\Windows\system32\pnrpnsp.dll
0x000007fef95c0000 - 0x000007fef95cb000 	C:\Windows\System32\winrnr.dll
0x000007fef95b0000 - 0x000007fef95c0000 	C:\Windows\system32\wshbth.dll
0x000007fef0d30000 - 0x000007fef0d57000 	C:\Program Files\Java\jdk-11.0.1\bin\sunec.dll
0x000007fefb030000 - 0x000007fefb03d000 	C:\Program Files\Java\jdk-11.0.1\bin\sunmscapi.dll
0x000007fefd670000 - 0x000007fefd7dd000 	C:\Windows\system32\CRYPT32.dll
0x000007fefd580000 - 0x000007fefd58f000 	C:\Windows\system32\MSASN1.dll
0x000007fefcbe0000 - 0x000007fefcc30000 	C:\Windows\system32\ncrypt.dll
0x000007fefcbb0000 - 0x000007fefcbd2000 	C:\Windows\system32\bcrypt.dll
0x000007fefd370000 - 0x000007fefd3c7000 	C:\Windows\system32\apphelp.dll

dbghelp: loaded successfully - version: 4.0.5 - missing functions: none
symbol engine: initialized successfully - sym options: 0x614 - pdb path: .;C:\Program Files\Java\jdk-11.0.1\bin;C:\Windows\SYSTEM32;C:\Windows\WinSxS\amd64_microsoft.windows.common-controls_6595b64144ccf1df_6.0.7601.18837_none_fa3b1e3d17594757;C:\Program Files\Java\jdk-11.0.1\bin\server;C:\Program Files\Common Files\Microsoft Shared\Windows Live

VM Arguments:
jvm_args: -ea -Dfile.encoding=Cp1252 
java_command: org.testng.remote.RemoteTestNG -serport 52396 -protocol json -d C:\Work\eclipse-workspace\AutomationPractice\test-output C:\Users\Ludmila\AppData\Local\Temp\testng-eclipse-1998558881\testng-customsuite.xml
java_class_path (initial): C:\Work\eclipse-java-2018-09-win32-x86_64\eclipse\configuration\org.eclipse.osgi\527\0\.cp\lib\testng-remote.jar;C:\Work\eclipse-workspace\AutomationPractice\target\test-classes;C:\Work\eclipse-workspace\AutomationPractice\target\classes;C:\Work\eclipse-java-2018-09-win32-x86_64\eclipse\plugins\org.junit_4.12.0.v201504281640\junit.jar;C:\Work\eclipse-java-2018-09-win32-x86_64\eclipse\plugins\org.hamcrest.core_1.3.0.v20180420-1519.jar;C:\Users\Ludmila\.m2\repository\org\seleniumhq\selenium\selenium-java\3.14.0\selenium-java-3.14.0.jar;C:\Users\Ludmila\.m2\repository\org\seleniumhq\selenium\selenium-api\3.14.0\selenium-api-3.14.0.jar;C:\Users\Ludmila\.m2\repository\org\seleniumhq\selenium\selenium-chrome-driver\3.14.0\selenium-chrome-driver-3.14.0.jar;C:\Users\Ludmila\.m2\repository\org\seleniumhq\selenium\selenium-edge-driver\3.14.0\selenium-edge-driver-3.14.0.jar;C:\Users\Ludmila\.m2\repository\org\seleniumhq\selenium\selenium-firefox-driver\3.14.0\selenium-firefox-driver-3.14.0.jar;C:\Users\Ludmila\.m2\repository\org\seleniumhq\selenium\selenium-ie-driver\3.14.0\selenium-ie-driver-3.14.0.jar;C:\Users\Ludmila\.m2\repository\org\seleniumhq\selenium\selenium-opera-driver\3.14.0\selenium-opera-driver-3.14.0.jar;C:\Users\Ludmila\.m2\repository\org\seleniumhq\selenium\selenium-remote-driver\3.14.0\selenium-remote-driver-3.14.0.jar;C:\Users\Ludmila\.m2\repository\org\seleniumhq\selenium\selenium-safari-driver\3.14.0\selenium-safari-driver-3.14.0.jar;C:\Users\Ludmila\.m2\repository\org\seleniumhq\selenium\selenium-support\3.14.0\selenium-support-3.14.0.jar;C:\Users\Ludmila\.m2\repository\net\bytebuddy\byte-buddy\1.8.15\byte-buddy-1.8.15.jar;C:\Users\Ludmila\.m2\repository\org\apache\commons\commons-exec\1.3\commons-exec-1.3.jar;C:\Users\Ludmila\.m2\repository\commons-codec\commons-codec\1.10\commons-codec-1.10.jar;C:\Users\Ludmila\.m2\repository\commons-logging\commons-logging\1.2\commons-logging-1.2.jar;C:\Users\Ludmila\.m2\repository\com\goog
Launcher Type: SUN_STANDARD

[Global flags]
     intx CICompilerCount                          = 3                                         {product} {ergonomic}
     uint ConcGCThreads                            = 1                                         {product} {ergonomic}
     uint G1ConcRefinementThreads                  = 4                                         {product} {ergonomic}
   size_t G1HeapRegionSize                         = 1048576                                   {product} {ergonomic}
    uintx GCDrainStackTargetSize                   = 64                                        {product} {ergonomic}
   size_t InitialHeapSize                          = 67108864                                  {product} {ergonomic}
   size_t MarkStackSize                            = 4194304                                   {product} {ergonomic}
   size_t MaxHeapSize                              = 1050673152                                {product} {ergonomic}
   size_t MaxNewSize                               = 630194176                                 {product} {ergonomic}
   size_t MinHeapDeltaBytes                        = 1048576                                   {product} {ergonomic}
    uintx NonNMethodCodeHeapSize                   = 5830092                                {pd product} {ergonomic}
    uintx NonProfiledCodeHeapSize                  = 122914074                              {pd product} {ergonomic}
    uintx ProfiledCodeHeapSize                     = 122914074                              {pd product} {ergonomic}
    uintx ReservedCodeCacheSize                    = 251658240                              {pd product} {ergonomic}
     bool SegmentedCodeCache                       = true                                      {product} {ergonomic}
     bool UseCompressedClassPointers               = true                                 {lp64_product} {ergonomic}
     bool UseCompressedOops                        = true                                 {lp64_product} {ergonomic}
     bool UseG1GC                                  = true                                      {product} {ergonomic}
     bool UseLargePagesIndividualAllocation        = false                                  {pd product} {ergonomic}

Logging:
Log output configuration:
 #0: stdout all=warning uptime,level,tags
 #1: stderr all=off uptime,level,tags

Environment Variables:
JAVA_HOME=C:\Program Files\Java\jdk-11.0.1
PATH=C:/Program Files/Java/jdk-11.0.1/bin/server;C:/Program Files/Java/jdk-11.0.1/bin;C:\Program Files\Common Files\Microsoft Shared\Windows Live;C:\Program Files (x86)\Common Files\Microsoft Shared\Windows Live;C:\Windows\system32;C:\Windows;C:\Windows\System32\Wbem;C:\Windows\System32\WindowsPowerShell\v1.0\;C:\Program Files (x86)\Windows Live\Shared;C:\Program Files\Java\jdk-11.0.1\bin;C:\Work\apache-maven-3.6.0-bin\apache-maven-3.6.0\bin;C:\Program Files\MySQL\MySQL Utilities 1.6\;C:\Work\eclipse-java-2018-09-win32-x86_64\eclipse;
USERNAME=Ludmila
OS=Windows_NT
PROCESSOR_IDENTIFIER=Intel64 Family 6 Model 42 Stepping 7, GenuineIntel



---------------  S Y S T E M  ---------------

OS: Windows 7 , 64 bit Build 7601 (6.1.7601.24117)

CPU:total 4 (initial active 4) (2 cores per cpu, 2 threads per core) family 6 model 42 stepping 7, cmov, cx8, fxsr, mmx, sse, sse2, sse3, ssse3, sse4.1, sse4.2, popcnt, avx, aes, clmul, ht, tsc, tscinvbit

Memory: 4k page, system-wide physical 4006M (374M free)
TotalPageFile size 4260M (AvailPageFile size 4M)
current process WorkingSet (physical memory assigned to process): 106M, peak: 110M
current process commit charge ("private bytes"): 174M, peak: 180M

vm_info: Java HotSpot(TM) 64-Bit Server VM (11.0.1+13-LTS) for windows-amd64 JRE (11.0.1+13-LTS), built on Oct  6 2018 13:20:16 by "mach5one" with MS VC++ 15.5 (VS2017)

END.
